<?xml version="1.0" encoding="UTF-8"?>
<!-- Generated by org.testng.reporters.JUnitReportReporter -->
<testsuite hostname="yangyudeMacBook-Pro.local" name="TestDemo" tests="2" failures="0" timestamp="18 Jul 2016 11:18:16 GMT" time="12.454" errors="0">
  <testcase name="testPageObj1" time="5.830" classname="TestDemo"/>
  <testcase name="testPageObj2" time="6.624" classname="TestDemo"/>
</testsuite> <!-- TestDemo -->
